<?xml version="1.0" encoding="UTF-8"?>
<testsuite xmlns:xsi="http://www.w3.org/2001/XMLSchema-instance" xsi:noNamespaceSchemaLocation="https://maven.apache.org/surefire/maven-surefire-plugin/xsd/surefire-test-report.xsd" name="com.example.building.controller.BuildingControllerTest" time="0.369" tests="7" errors="0" skipped="0" failures="0">
  <properties>
[...]
</properties>
  <testcase name="updateTemperature_Success" classname="com.example.building.controller.BuildingControllerTest" time="0.35"/>
  <testcase name="createBuilding_Success" classname="com.example.building.controller.BuildingControllerTest" time="0.001"/>
  <testcase name="getBuilding_Success" classname="com.example.building.controller.BuildingControllerTest" time="0.001"/>
  <testcase name="updateTemperature_NotFound" classname="com.example.building.controller.BuildingControllerTest" time="0.001"/>
  <testcase name="getAllBuildings_Success" classname="com.example.building.controller.BuildingControllerTest" time="0.001"/>
  <testcase name="deleteBuilding_Success" classname="com.example.building.controller.BuildingControllerTest" time="0.001"/>
  <testcase name="getBuilding_NotFound" classname="com.example.building.controller.BuildingControllerTest" time="0.002"/>
</testsuite>